[2023-05-08 18:17:21.132 +03:30  INF]  Now listening on: http://localhost:6005
 Ip Address Client:  RequestScheme :  RequestHost :  RequestMethod :  RequestPath :  StatusCode : [2023-05-08 18:17:21.136 +03:30  INF]  Application started. Press Ctrl+C to shut down.
 Ip Address Client:  RequestScheme :  RequestHost :  RequestMethod :  RequestPath :  StatusCode : [2023-05-08 18:17:21.136 +03:30  INF]  Hosting environment: Development
 Ip Address Client:  RequestScheme :  RequestHost :  RequestMethod :  RequestPath :  StatusCode : [2023-05-08 18:17:21.136 +03:30  INF]  Content root path: P:\Platform\src\services\Identity\IOT.Identity
 Ip Address Client:  RequestScheme :  RequestHost :  RequestMethod :  RequestPath :  StatusCode : [2023-05-08 18:21:51.785 +03:30  INF]  Now listening on: http://localhost:6005
 Ip Address Client:  RequestScheme :  RequestHost :  RequestMethod :  RequestPath :  StatusCode : [2023-05-08 18:21:51.789 +03:30  INF]  Application started. Press Ctrl+C to shut down.
 Ip Address Client:  RequestScheme :  RequestHost :  RequestMethod :  RequestPath :  StatusCode : [2023-05-08 18:21:51.789 +03:30  INF]  Hosting environment: Development
 Ip Address Client:  RequestScheme :  RequestHost :  RequestMethod :  RequestPath :  StatusCode : [2023-05-08 18:21:51.790 +03:30  INF]  Content root path: P:\Platform\src\services\Identity\IOT.Identity
 Ip Address Client:  RequestScheme :  RequestHost :  RequestMethod :  RequestPath :  StatusCode : [2023-05-08 18:22:57.639 +03:30 eb6b65ed-77a0-42cb-8b23-2f4b23497074 INF]  HTTP GET / responded 404 in 0.2920 ms
 Ip Address Client: ::1 RequestScheme : http RequestHost : localhost:6005 RequestMethod : GET RequestPath : / StatusCode : 404[2023-05-08 18:23:51.758 +03:30 27a54cc2-9af3-4f09-adb0-bff322b76b44 INF]  Get State Key:
 Ip Address Client:  RequestScheme :  RequestHost :  RequestMethod :  RequestPath : /api/Authenticate/string StatusCode : [2023-05-08 18:23:51.759 +03:30 27a54cc2-9af3-4f09-adb0-bff322b76b44 INF]  7adec120-79f0-4154-80ed-01985139f32bcatalog
 Ip Address Client:  RequestScheme :  RequestHost :  RequestMethod :  RequestPath : /api/Authenticate/string StatusCode : [2023-05-08 18:23:55.877 +03:30 27a54cc2-9af3-4f09-adb0-bff322b76b44 ERR]  HTTP GET /api/Authenticate/string responded 500 in 8191.4207 ms
Dapr.DaprException: State operation failed: the Dapr endpoint indicated a failure. See InnerException for details.
 ---> Grpc.Core.RpcException: Status(StatusCode="Unavailable", Detail="Error connecting to subchannel.", DebugException="System.Net.Sockets.SocketException: No connection could be made because the target machine actively refused it.")
 ---> System.Net.Sockets.SocketException (10061): No connection could be made because the target machine actively refused it.
   at System.Net.Sockets.Socket.AwaitableSocketAsyncEventArgs.ThrowException(SocketError error, CancellationToken cancellationToken)
   at System.Net.Sockets.Socket.AwaitableSocketAsyncEventArgs.System.Threading.Tasks.Sources.IValueTaskSource.GetResult(Int16 token)
   at System.Net.Sockets.Socket.<ConnectAsync>g__WaitForConnectWithCancellation|281_0(AwaitableSocketAsyncEventArgs saea, ValueTask connectTask, CancellationToken cancellationToken)
   at Grpc.Net.Client.Balancer.Internal.SocketConnectivitySubchannelTransport.TryConnectAsync(ConnectContext context)
   --- End of inner exception stack trace ---
   at Grpc.Net.Client.Balancer.Internal.ConnectionManager.PickAsync(PickContext context, Boolean waitForReady, CancellationToken cancellationToken)
   at Grpc.Net.Client.Balancer.Internal.BalancerHttpHandler.SendAsync(HttpRequestMessage request, CancellationToken cancellationToken)
   at Grpc.Net.Client.Internal.GrpcCall`2.RunCall(HttpRequestMessage request, Nullable`1 timeout)
   at Dapr.Client.DaprClientGrpc.GetStateAsync[TValue](String storeName, String key, Nullable`1 consistencyMode, IReadOnlyDictionary`2 metadata, CancellationToken cancellationToken)
   --- End of inner exception stack trace ---
   at Dapr.Client.DaprClientGrpc.GetStateAsync[TValue](String storeName, String key, Nullable`1 consistencyMode, IReadOnlyDictionary`2 metadata, CancellationToken cancellationToken)
   at IOT.Identity.Repositories.PermissionStateRepository.GetUserPermissionsState(Guid userId) in P:\Platform\src\services\Identity\IOT.Identity\Repositories\PermissionStateRepository.cs:line 45
   at IOT.Identity.Controllers.AuthenticateController.Ok(String userName) in P:\Platform\src\services\Identity\IOT.Identity\Controllers\AuthenticateController.cs:line 40
   at Microsoft.AspNetCore.Mvc.Infrastructure.ActionMethodExecutor.TaskOfIActionResultExecutor.Execute(ActionContext actionContext, IActionResultTypeMapper mapper, ObjectMethodExecutor executor, Object controller, Object[] arguments)
   at Microsoft.AspNetCore.Mvc.Infrastructure.ControllerActionInvoker.<InvokeActionMethodAsync>g__Awaited|12_0(ControllerActionInvoker invoker, ValueTask`1 actionResultValueTask)
   at Microsoft.AspNetCore.Mvc.Infrastructure.ControllerActionInvoker.<InvokeNextActionFilterAsync>g__Awaited|10_0(ControllerActionInvoker invoker, Task lastTask, State next, Scope scope, Object state, Boolean isCompleted)
   at Microsoft.AspNetCore.Mvc.Infrastructure.ControllerActionInvoker.Rethrow(ActionExecutedContextSealed context)
   at Microsoft.AspNetCore.Mvc.Infrastructure.ControllerActionInvoker.Next(State& next, Scope& scope, Object& state, Boolean& isCompleted)
   at Microsoft.AspNetCore.Mvc.Infrastructure.ControllerActionInvoker.<InvokeInnerFilterAsync>g__Awaited|13_0(ControllerActionInvoker invoker, Task lastTask, State next, Scope scope, Object state, Boolean isCompleted)
   at Microsoft.AspNetCore.Mvc.Infrastructure.ResourceInvoker.<InvokeFilterPipelineAsync>g__Awaited|20_0(ResourceInvoker invoker, Task lastTask, State next, Scope scope, Object state, Boolean isCompleted)
   at Microsoft.AspNetCore.Mvc.Infrastructure.ResourceInvoker.<InvokeAsync>g__Awaited|17_0(ResourceInvoker invoker, Task task, IDisposable scope)
   at Microsoft.AspNetCore.Mvc.Infrastructure.ResourceInvoker.<InvokeAsync>g__Awaited|17_0(ResourceInvoker invoker, Task task, IDisposable scope)
   at Microsoft.AspNetCore.Routing.EndpointMiddleware.<Invoke>g__AwaitRequestTask|6_0(Endpoint endpoint, Task requestTask, ILogger logger)
   at Serilog.AspNetCore.RequestLoggingMiddleware.Invoke(HttpContext httpContext)
   at Program.<>c.<<<Main>$>b__0_1>d.MoveNext() in P:\Platform\src\services\Identity\IOT.Identity\Program.cs:line 101
 Ip Address Client: ::1 RequestScheme : http RequestHost : localhost:6005 RequestMethod : GET RequestPath : /api/Authenticate/string StatusCode : 500[2023-05-08 18:23:55.923 +03:30 27a54cc2-9af3-4f09-adb0-bff322b76b44 ERR]  An unhandled exception has occurred while executing the request.
Dapr.DaprException: State operation failed: the Dapr endpoint indicated a failure. See InnerException for details.
 ---> Grpc.Core.RpcException: Status(StatusCode="Unavailable", Detail="Error connecting to subchannel.", DebugException="System.Net.Sockets.SocketException: No connection could be made because the target machine actively refused it.")
 ---> System.Net.Sockets.SocketException (10061): No connection could be made because the target machine actively refused it.
   at System.Net.Sockets.Socket.AwaitableSocketAsyncEventArgs.ThrowException(SocketError error, CancellationToken cancellationToken)
   at System.Net.Sockets.Socket.AwaitableSocketAsyncEventArgs.System.Threading.Tasks.Sources.IValueTaskSource.GetResult(Int16 token)
   at System.Net.Sockets.Socket.<ConnectAsync>g__WaitForConnectWithCancellation|281_0(AwaitableSocketAsyncEventArgs saea, ValueTask connectTask, CancellationToken cancellationToken)
   at Grpc.Net.Client.Balancer.Internal.SocketConnectivitySubchannelTransport.TryConnectAsync(ConnectContext context)
   --- End of inner exception stack trace ---
   at Grpc.Net.Client.Balancer.Internal.ConnectionManager.PickAsync(PickContext context, Boolean waitForReady, CancellationToken cancellationToken)
   at Grpc.Net.Client.Balancer.Internal.BalancerHttpHandler.SendAsync(HttpRequestMessage request, CancellationToken cancellationToken)
   at Grpc.Net.Client.Internal.GrpcCall`2.RunCall(HttpRequestMessage request, Nullable`1 timeout)
   at Dapr.Client.DaprClientGrpc.GetStateAsync[TValue](String storeName, String key, Nullable`1 consistencyMode, IReadOnlyDictionary`2 metadata, CancellationToken cancellationToken)
   --- End of inner exception stack trace ---
   at Dapr.Client.DaprClientGrpc.GetStateAsync[TValue](String storeName, String key, Nullable`1 consistencyMode, IReadOnlyDictionary`2 metadata, CancellationToken cancellationToken)
   at IOT.Identity.Repositories.PermissionStateRepository.GetUserPermissionsState(Guid userId) in P:\Platform\src\services\Identity\IOT.Identity\Repositories\PermissionStateRepository.cs:line 45
   at IOT.Identity.Controllers.AuthenticateController.Ok(String userName) in P:\Platform\src\services\Identity\IOT.Identity\Controllers\AuthenticateController.cs:line 40
   at Microsoft.AspNetCore.Mvc.Infrastructure.ActionMethodExecutor.TaskOfIActionResultExecutor.Execute(ActionContext actionContext, IActionResultTypeMapper mapper, ObjectMethodExecutor executor, Object controller, Object[] arguments)
   at Microsoft.AspNetCore.Mvc.Infrastructure.ControllerActionInvoker.<InvokeActionMethodAsync>g__Awaited|12_0(ControllerActionInvoker invoker, ValueTask`1 actionResultValueTask)
   at Microsoft.AspNetCore.Mvc.Infrastructure.ControllerActionInvoker.<InvokeNextActionFilterAsync>g__Awaited|10_0(ControllerActionInvoker invoker, Task lastTask, State next, Scope scope, Object state, Boolean isCompleted)
   at Microsoft.AspNetCore.Mvc.Infrastructure.ControllerActionInvoker.Rethrow(ActionExecutedContextSealed context)
   at Microsoft.AspNetCore.Mvc.Infrastructure.ControllerActionInvoker.Next(State& next, Scope& scope, Object& state, Boolean& isCompleted)
   at Microsoft.AspNetCore.Mvc.Infrastructure.ControllerActionInvoker.<InvokeInnerFilterAsync>g__Awaited|13_0(ControllerActionInvoker invoker, Task lastTask, State next, Scope scope, Object state, Boolean isCompleted)
   at Microsoft.AspNetCore.Mvc.Infrastructure.ResourceInvoker.<InvokeFilterPipelineAsync>g__Awaited|20_0(ResourceInvoker invoker, Task lastTask, State next, Scope scope, Object state, Boolean isCompleted)
   at Microsoft.AspNetCore.Mvc.Infrastructure.ResourceInvoker.<InvokeAsync>g__Awaited|17_0(ResourceInvoker invoker, Task task, IDisposable scope)
   at Microsoft.AspNetCore.Mvc.Infrastructure.ResourceInvoker.<InvokeAsync>g__Awaited|17_0(ResourceInvoker invoker, Task task, IDisposable scope)
   at Microsoft.AspNetCore.Routing.EndpointMiddleware.<Invoke>g__AwaitRequestTask|6_0(Endpoint endpoint, Task requestTask, ILogger logger)
   at Serilog.AspNetCore.RequestLoggingMiddleware.Invoke(HttpContext httpContext)
   at Program.<>c.<<<Main>$>b__0_1>d.MoveNext() in P:\Platform\src\services\Identity\IOT.Identity\Program.cs:line 101
--- End of stack trace from previous location ---
   at Microsoft.AspNetCore.Authorization.AuthorizationMiddleware.Invoke(HttpContext context)
   at Microsoft.AspNetCore.Authentication.AuthenticationMiddleware.Invoke(HttpContext context)
   at Swashbuckle.AspNetCore.SwaggerUI.SwaggerUIMiddleware.Invoke(HttpContext httpContext)
   at Swashbuckle.AspNetCore.Swagger.SwaggerMiddleware.Invoke(HttpContext httpContext, ISwaggerProvider swaggerProvider)
   at Microsoft.AspNetCore.Diagnostics.DeveloperExceptionPageMiddlewareImpl.Invoke(HttpContext context)
 Ip Address Client:  RequestScheme :  RequestHost :  RequestMethod :  RequestPath : /api/Authenticate/string StatusCode : 