[2023-04-02 17:56:18.556 +04:30  INF]  Now listening on: http://localhost:6005
 Ip Address Client:  RequestScheme :  RequestHost :  RequestMethod :  RequestPath :  StatusCode : [2023-04-02 17:56:18.559 +04:30  INF]  Application started. Press Ctrl+C to shut down.
 Ip Address Client:  RequestScheme :  RequestHost :  RequestMethod :  RequestPath :  StatusCode : [2023-04-02 17:56:18.559 +04:30  INF]  Hosting environment: Development
 Ip Address Client:  RequestScheme :  RequestHost :  RequestMethod :  RequestPath :  StatusCode : [2023-04-02 17:56:18.559 +04:30  INF]  Content root path: P:\Platform\src\services\Identity\IOT.Identity
 Ip Address Client:  RequestScheme :  RequestHost :  RequestMethod :  RequestPath :  StatusCode : [2023-04-02 17:56:36.371 +04:30  INF]  Now listening on: http://localhost:6005
 Ip Address Client:  RequestScheme :  RequestHost :  RequestMethod :  RequestPath :  StatusCode : [2023-04-02 17:56:36.377 +04:30  INF]  Application started. Press Ctrl+C to shut down.
 Ip Address Client:  RequestScheme :  RequestHost :  RequestMethod :  RequestPath :  StatusCode : [2023-04-02 17:56:36.378 +04:30  INF]  Hosting environment: Development
 Ip Address Client:  RequestScheme :  RequestHost :  RequestMethod :  RequestPath :  StatusCode : [2023-04-02 17:56:36.378 +04:30  INF]  Content root path: P:\Platform\src\services\Identity\IOT.Identity
 Ip Address Client:  RequestScheme :  RequestHost :  RequestMethod :  RequestPath :  StatusCode : [2023-04-02 17:56:58.508 +04:30 4c68aa87-9565-4021-b81d-913d8ae3470e WRN]  The foreign key property 'UserRefreshToken.UserId1' was created in shadow state because a conflicting property with the simple name 'UserId' exists in the entity type, but is either not mapped, is already used for another relationship, or is incompatible with the associated primary key type. See https://aka.ms/efcore-relationships for information on mapping relationships in EF Core.
 Ip Address Client:  RequestScheme :  RequestHost :  RequestMethod :  RequestPath : /api/Authenticate StatusCode : [2023-04-02 17:56:59.547 +04:30 4c68aa87-9565-4021-b81d-913d8ae3470e INF]  User a with ID: 'IOT.Identity.Domain.Core.UserId login with Ip 192.168.1.200.'
 Ip Address Client:  RequestScheme :  RequestHost :  RequestMethod :  RequestPath : /api/Authenticate StatusCode : [2023-04-02 17:56:59.562 +04:30 4c68aa87-9565-4021-b81d-913d8ae3470e INF]  HTTP POST /api/Authenticate responded 200 in 1957.4337 ms
 Ip Address Client: ::1 RequestScheme : http RequestHost : localhost:6005 RequestMethod : POST RequestPath : /api/Authenticate StatusCode : 200[2023-04-02 17:57:44.166 +04:30  WRN]  The foreign key property 'UserRefreshToken.UserId1' was created in shadow state because a conflicting property with the simple name 'UserId' exists in the entity type, but is either not mapped, is already used for another relationship, or is incompatible with the associated primary key type. See https://aka.ms/efcore-relationships for information on mapping relationships in EF Core.
 Ip Address Client:  RequestScheme :  RequestHost :  RequestMethod :  RequestPath :  StatusCode : [2023-04-02 17:58:07.242 +04:30  WRN]  The foreign key property 'UserRefreshToken.UserId1' was created in shadow state because a conflicting property with the simple name 'UserId' exists in the entity type, but is either not mapped, is already used for another relationship, or is incompatible with the associated primary key type. See https://aka.ms/efcore-relationships for information on mapping relationships in EF Core.
 Ip Address Client:  RequestScheme :  RequestHost :  RequestMethod :  RequestPath :  StatusCode : [2023-04-02 17:58:07.460 +04:30  WRN]  The foreign key property 'UserRefreshToken.UserId1' was created in shadow state because a conflicting property with the simple name 'UserId' exists in the entity type, but is either not mapped, is already used for another relationship, or is incompatible with the associated primary key type. See https://aka.ms/efcore-relationships for information on mapping relationships in EF Core.
 Ip Address Client:  RequestScheme :  RequestHost :  RequestMethod :  RequestPath :  StatusCode : [2023-04-02 17:59:17.321 +04:30  WRN]  The foreign key property 'UserRefreshToken.UserId1' was created in shadow state because a conflicting property with the simple name 'UserId' exists in the entity type, but is either not mapped, is already used for another relationship, or is incompatible with the associated primary key type. See https://aka.ms/efcore-relationships for information on mapping relationships in EF Core.
 Ip Address Client:  RequestScheme :  RequestHost :  RequestMethod :  RequestPath :  StatusCode : [2023-04-02 17:59:17.725 +04:30  ERR]  Failed executing DbCommand (0ms) [Parameters=[], CommandType='"Text"', CommandTimeout='30']
CREATE TABLE [User].[users] (
    [Id] uniqueidentifier NOT NULL,
    [UserName] nvarchar(128) NOT NULL,
    [Email_Value] nvarchar(500) NULL,
    [UserNameInfo_FirstName] nvarchar(120) NOT NULL,
    [UserNameInfo_LastName] nvarchar(120) NOT NULL,
    [PhoneNumber_CountryCode] nvarchar(500) NULL,
    [PhoneNumber_PhoneNumberWithOutCountryCode] nvarchar(128) NOT NULL,
    [Password] nvarchar(max) NOT NULL,
    [PasswordSalt] nvarchar(max) NOT NULL,
    [RegisterDate] datetime2 NOT NULL,
    [LastLoginDate] datetime2 NOT NULL,
    [IsActive] bit NOT NULL,
    CONSTRAINT [PK_users] PRIMARY KEY ([Id])
);
 Ip Address Client:  RequestScheme :  RequestHost :  RequestMethod :  RequestPath :  StatusCode : [2023-04-02 18:00:14.953 +04:30  WRN]  The foreign key property 'UserRefreshToken.UserId1' was created in shadow state because a conflicting property with the simple name 'UserId' exists in the entity type, but is either not mapped, is already used for another relationship, or is incompatible with the associated primary key type. See https://aka.ms/efcore-relationships for information on mapping relationships in EF Core.
 Ip Address Client:  RequestScheme :  RequestHost :  RequestMethod :  RequestPath :  StatusCode : [2023-04-02 18:00:15.224 +04:30  WRN]  The foreign key property 'UserRefreshToken.UserId1' was created in shadow state because a conflicting property with the simple name 'UserId' exists in the entity type, but is either not mapped, is already used for another relationship, or is incompatible with the associated primary key type. See https://aka.ms/efcore-relationships for information on mapping relationships in EF Core.
 Ip Address Client:  RequestScheme :  RequestHost :  RequestMethod :  RequestPath :  StatusCode : [2023-04-02 18:00:53.913 +04:30  WRN]  The foreign key property 'UserRefreshToken.UserId1' was created in shadow state because a conflicting property with the simple name 'UserId' exists in the entity type, but is either not mapped, is already used for another relationship, or is incompatible with the associated primary key type. See https://aka.ms/efcore-relationships for information on mapping relationships in EF Core.
 Ip Address Client:  RequestScheme :  RequestHost :  RequestMethod :  RequestPath :  StatusCode : [2023-04-02 18:00:54.051 +04:30  WRN]  The foreign key property 'UserRefreshToken.UserId1' was created in shadow state because a conflicting property with the simple name 'UserId' exists in the entity type, but is either not mapped, is already used for another relationship, or is incompatible with the associated primary key type. See https://aka.ms/efcore-relationships for information on mapping relationships in EF Core.
 Ip Address Client:  RequestScheme :  RequestHost :  RequestMethod :  RequestPath :  StatusCode : [2023-04-02 18:01:19.548 +04:30  WRN]  The foreign key property 'UserRefreshToken.UserId1' was created in shadow state because a conflicting property with the simple name 'UserId' exists in the entity type, but is either not mapped, is already used for another relationship, or is incompatible with the associated primary key type. See https://aka.ms/efcore-relationships for information on mapping relationships in EF Core.
 Ip Address Client:  RequestScheme :  RequestHost :  RequestMethod :  RequestPath :  StatusCode : [2023-04-02 18:01:20.335 +04:30  WRN]  The foreign key property 'UserRefreshToken.UserId1' was created in shadow state because a conflicting property with the simple name 'UserId' exists in the entity type, but is either not mapped, is already used for another relationship, or is incompatible with the associated primary key type. See https://aka.ms/efcore-relationships for information on mapping relationships in EF Core.
 Ip Address Client:  RequestScheme :  RequestHost :  RequestMethod :  RequestPath :  StatusCode : 